E:\GITHUB\EGAMP\AUDIOLIBRARY\DEBUG\AUDIOLIBRARY.PCH
E:\GITHUB\EGAMP\AUDIOLIBRARY\DEBUG\STDAFX.OBJ
E:\GITHUB\EGAMP\AUDIOLIBRARY\DEBUG\VC110.PDB
E:\GITHUB\EGAMP\AUDIOLIBRARY\DEBUG\EFFECTSLIBRARY.OBJ
E:\GITHUB\EGAMP\AUDIOLIBRARY\DEBUG\AUDIOLIBRARY.OBJ
E:\GITHUB\EGAMP\AUDIOLIBRARY\DEBUG\ASSEMBLYINFO.OBJ
E:\GITHUB\EGAMP\DEBUG\AUDIOLIBRARY.ILK
E:\GITHUB\EGAMP\DEBUG\AUDIOLIBRARY.DLL
E:\GITHUB\EGAMP\DEBUG\AUDIOLIBRARY.PDB
E:\GITHUB\EGAMP\AUDIOLIBRARY\DEBUG\APP.RES
E:\GitHub\EGamp\AudioLibrary\Debug\AudioLibrary.vcxprojResolveAssemblyReference.cache
E:\GitHub\EGamp\AudioLibrary\Debug\.NETFramework,Version=v4.5.AssemblyAttributes.obj
E:\GitHub\EGamp\AudioLibrary\Debug\AssemblyInfo.obj
E:\GitHub\EGamp\AudioLibrary\Debug\AudioLibrary.obj
E:\GitHub\EGamp\AudioLibrary\Debug\EffectsLibrary.obj
E:\GitHub\EGamp\AudioLibrary\Debug\Stdafx.obj
E:\GitHub\EGamp\AudioLibrary\Debug\cl.command.1.tlog
E:\GitHub\EGamp\AudioLibrary\Debug\CL.read.1.tlog
E:\GitHub\EGamp\AudioLibrary\Debug\CL.write.1.tlog
E:\GitHub\EGamp\AudioLibrary\Debug\link.1400-cvtres.read.1.tlog
E:\GitHub\EGamp\AudioLibrary\Debug\link.1400-cvtres.write.1.tlog
E:\GitHub\EGamp\AudioLibrary\Debug\link.1400-rc.read.1.tlog
E:\GitHub\EGamp\AudioLibrary\Debug\link.1400-rc.write.1.tlog
E:\GitHub\EGamp\AudioLibrary\Debug\link.1400.read.1.tlog
E:\GitHub\EGamp\AudioLibrary\Debug\link.1400.write.1.tlog
E:\GitHub\EGamp\AudioLibrary\Debug\link.1496-cvtres.read.1.tlog
E:\GitHub\EGamp\AudioLibrary\Debug\link.1496-cvtres.write.1.tlog
E:\GitHub\EGamp\AudioLibrary\Debug\link.1496-rc.read.1.tlog
E:\GitHub\EGamp\AudioLibrary\Debug\link.1496-rc.write.1.tlog
E:\GitHub\EGamp\AudioLibrary\Debug\link.1496.read.1.tlog
E:\GitHub\EGamp\AudioLibrary\Debug\link.1496.write.1.tlog
E:\GitHub\EGamp\AudioLibrary\Debug\link.1596-cvtres.read.1.tlog
E:\GitHub\EGamp\AudioLibrary\Debug\link.1596-cvtres.write.1.tlog
E:\GitHub\EGamp\AudioLibrary\Debug\link.1596-rc.read.1.tlog
E:\GitHub\EGamp\AudioLibrary\Debug\link.1596-rc.write.1.tlog
E:\GitHub\EGamp\AudioLibrary\Debug\link.1596.read.1.tlog
E:\GitHub\EGamp\AudioLibrary\Debug\link.1596.write.1.tlog
E:\GitHub\EGamp\AudioLibrary\Debug\link.1636-cvtres.read.1.tlog
E:\GitHub\EGamp\AudioLibrary\Debug\link.1636-cvtres.write.1.tlog
E:\GitHub\EGamp\AudioLibrary\Debug\link.1636-rc.read.1.tlog
E:\GitHub\EGamp\AudioLibrary\Debug\link.1636-rc.write.1.tlog
E:\GitHub\EGamp\AudioLibrary\Debug\link.1636.read.1.tlog
E:\GitHub\EGamp\AudioLibrary\Debug\link.1636.write.1.tlog
E:\GitHub\EGamp\AudioLibrary\Debug\link.1948-cvtres.read.1.tlog
E:\GitHub\EGamp\AudioLibrary\Debug\link.1948-cvtres.write.1.tlog
E:\GitHub\EGamp\AudioLibrary\Debug\link.1948-rc.read.1.tlog
E:\GitHub\EGamp\AudioLibrary\Debug\link.1948-rc.write.1.tlog
E:\GitHub\EGamp\AudioLibrary\Debug\link.1948.read.1.tlog
E:\GitHub\EGamp\AudioLibrary\Debug\link.1948.write.1.tlog
E:\GitHub\EGamp\AudioLibrary\Debug\link.1980-cvtres.read.1.tlog
E:\GitHub\EGamp\AudioLibrary\Debug\link.1980-cvtres.write.1.tlog
E:\GitHub\EGamp\AudioLibrary\Debug\link.1980-rc.read.1.tlog
E:\GitHub\EGamp\AudioLibrary\Debug\link.1980-rc.write.1.tlog
E:\GitHub\EGamp\AudioLibrary\Debug\link.1980.read.1.tlog
E:\GitHub\EGamp\AudioLibrary\Debug\link.1980.write.1.tlog
E:\GitHub\EGamp\AudioLibrary\Debug\link.1988-cvtres.read.1.tlog
E:\GitHub\EGamp\AudioLibrary\Debug\link.1988-cvtres.write.1.tlog
E:\GitHub\EGamp\AudioLibrary\Debug\link.1988-rc.read.1.tlog
E:\GitHub\EGamp\AudioLibrary\Debug\link.1988-rc.write.1.tlog
E:\GitHub\EGamp\AudioLibrary\Debug\link.1988.read.1.tlog
E:\GitHub\EGamp\AudioLibrary\Debug\link.1988.write.1.tlog
E:\GitHub\EGamp\AudioLibrary\Debug\link.1996-cvtres.read.1.tlog
E:\GitHub\EGamp\AudioLibrary\Debug\link.1996-cvtres.write.1.tlog
E:\GitHub\EGamp\AudioLibrary\Debug\link.1996-rc.read.1.tlog
E:\GitHub\EGamp\AudioLibrary\Debug\link.1996-rc.write.1.tlog
E:\GitHub\EGamp\AudioLibrary\Debug\link.1996.read.1.tlog
E:\GitHub\EGamp\AudioLibrary\Debug\link.1996.write.1.tlog
E:\GitHub\EGamp\AudioLibrary\Debug\link.2032-cvtres.read.1.tlog
E:\GitHub\EGamp\AudioLibrary\Debug\link.2032-cvtres.write.1.tlog
E:\GitHub\EGamp\AudioLibrary\Debug\link.2032-rc.read.1.tlog
E:\GitHub\EGamp\AudioLibrary\Debug\link.2032-rc.write.1.tlog
E:\GitHub\EGamp\AudioLibrary\Debug\link.2032.read.1.tlog
E:\GitHub\EGamp\AudioLibrary\Debug\link.2032.write.1.tlog
E:\GitHub\EGamp\AudioLibrary\Debug\link.2056-cvtres.read.1.tlog
E:\GitHub\EGamp\AudioLibrary\Debug\link.2056-cvtres.write.1.tlog
E:\GitHub\EGamp\AudioLibrary\Debug\link.2056-rc.read.1.tlog
E:\GitHub\EGamp\AudioLibrary\Debug\link.2056-rc.write.1.tlog
E:\GitHub\EGamp\AudioLibrary\Debug\link.2056.read.1.tlog
E:\GitHub\EGamp\AudioLibrary\Debug\link.2056.write.1.tlog
E:\GitHub\EGamp\AudioLibrary\Debug\link.2268-cvtres.read.1.tlog
E:\GitHub\EGamp\AudioLibrary\Debug\link.2268-cvtres.write.1.tlog
E:\GitHub\EGamp\AudioLibrary\Debug\link.2268-rc.read.1.tlog
E:\GitHub\EGamp\AudioLibrary\Debug\link.2268-rc.write.1.tlog
E:\GitHub\EGamp\AudioLibrary\Debug\link.2268.read.1.tlog
E:\GitHub\EGamp\AudioLibrary\Debug\link.2268.write.1.tlog
E:\GitHub\EGamp\AudioLibrary\Debug\link.2300-cvtres.read.1.tlog
E:\GitHub\EGamp\AudioLibrary\Debug\link.2300-cvtres.write.1.tlog
E:\GitHub\EGamp\AudioLibrary\Debug\link.2300-rc.read.1.tlog
E:\GitHub\EGamp\AudioLibrary\Debug\link.2300-rc.write.1.tlog
E:\GitHub\EGamp\AudioLibrary\Debug\link.2300.read.1.tlog
E:\GitHub\EGamp\AudioLibrary\Debug\link.2300.write.1.tlog
E:\GitHub\EGamp\AudioLibrary\Debug\link.2384-cvtres.read.1.tlog
E:\GitHub\EGamp\AudioLibrary\Debug\link.2384-cvtres.write.1.tlog
E:\GitHub\EGamp\AudioLibrary\Debug\link.2384-rc.read.1.tlog
E:\GitHub\EGamp\AudioLibrary\Debug\link.2384-rc.write.1.tlog
E:\GitHub\EGamp\AudioLibrary\Debug\link.2384.read.1.tlog
E:\GitHub\EGamp\AudioLibrary\Debug\link.2384.write.1.tlog
E:\GitHub\EGamp\AudioLibrary\Debug\link.2596-cvtres.read.1.tlog
E:\GitHub\EGamp\AudioLibrary\Debug\link.2596-cvtres.write.1.tlog
E:\GitHub\EGamp\AudioLibrary\Debug\link.2596-rc.read.1.tlog
E:\GitHub\EGamp\AudioLibrary\Debug\link.2596-rc.write.1.tlog
E:\GitHub\EGamp\AudioLibrary\Debug\link.2596.read.1.tlog
E:\GitHub\EGamp\AudioLibrary\Debug\link.2596.write.1.tlog
E:\GitHub\EGamp\AudioLibrary\Debug\link.268-cvtres.read.1.tlog
E:\GitHub\EGamp\AudioLibrary\Debug\link.268-cvtres.write.1.tlog
E:\GitHub\EGamp\AudioLibrary\Debug\link.268-rc.read.1.tlog
E:\GitHub\EGamp\AudioLibrary\Debug\link.268-rc.write.1.tlog
E:\GitHub\EGamp\AudioLibrary\Debug\link.268.read.1.tlog
E:\GitHub\EGamp\AudioLibrary\Debug\link.268.write.1.tlog
E:\GitHub\EGamp\AudioLibrary\Debug\link.2692-cvtres.read.1.tlog
E:\GitHub\EGamp\AudioLibrary\Debug\link.2692-cvtres.write.1.tlog
E:\GitHub\EGamp\AudioLibrary\Debug\link.2692-rc.read.1.tlog
E:\GitHub\EGamp\AudioLibrary\Debug\link.2692-rc.write.1.tlog
E:\GitHub\EGamp\AudioLibrary\Debug\link.2692.read.1.tlog
E:\GitHub\EGamp\AudioLibrary\Debug\link.2692.write.1.tlog
E:\GitHub\EGamp\AudioLibrary\Debug\link.2844-cvtres.read.1.tlog
E:\GitHub\EGamp\AudioLibrary\Debug\link.2844-cvtres.write.1.tlog
E:\GitHub\EGamp\AudioLibrary\Debug\link.2844-rc.read.1.tlog
E:\GitHub\EGamp\AudioLibrary\Debug\link.2844-rc.write.1.tlog
E:\GitHub\EGamp\AudioLibrary\Debug\link.2844.read.1.tlog
E:\GitHub\EGamp\AudioLibrary\Debug\link.2844.write.1.tlog
E:\GitHub\EGamp\AudioLibrary\Debug\link.2940-cvtres.read.1.tlog
E:\GitHub\EGamp\AudioLibrary\Debug\link.2940-cvtres.write.1.tlog
E:\GitHub\EGamp\AudioLibrary\Debug\link.2940-rc.read.1.tlog
E:\GitHub\EGamp\AudioLibrary\Debug\link.2940-rc.write.1.tlog
E:\GitHub\EGamp\AudioLibrary\Debug\link.2940.read.1.tlog
E:\GitHub\EGamp\AudioLibrary\Debug\link.2940.write.1.tlog
E:\GitHub\EGamp\AudioLibrary\Debug\link.3052-cvtres.read.1.tlog
E:\GitHub\EGamp\AudioLibrary\Debug\link.3052-cvtres.write.1.tlog
E:\GitHub\EGamp\AudioLibrary\Debug\link.3052-rc.read.1.tlog
E:\GitHub\EGamp\AudioLibrary\Debug\link.3052-rc.write.1.tlog
E:\GitHub\EGamp\AudioLibrary\Debug\link.3052.read.1.tlog
E:\GitHub\EGamp\AudioLibrary\Debug\link.3052.write.1.tlog
E:\GitHub\EGamp\AudioLibrary\Debug\link.3064-cvtres.read.1.tlog
E:\GitHub\EGamp\AudioLibrary\Debug\link.3064-cvtres.write.1.tlog
E:\GitHub\EGamp\AudioLibrary\Debug\link.3064-rc.read.1.tlog
E:\GitHub\EGamp\AudioLibrary\Debug\link.3064-rc.write.1.tlog
E:\GitHub\EGamp\AudioLibrary\Debug\link.3064.read.1.tlog
E:\GitHub\EGamp\AudioLibrary\Debug\link.3064.write.1.tlog
E:\GitHub\EGamp\AudioLibrary\Debug\link.3112-cvtres.read.1.tlog
E:\GitHub\EGamp\AudioLibrary\Debug\link.3112-cvtres.write.1.tlog
E:\GitHub\EGamp\AudioLibrary\Debug\link.3112-rc.read.1.tlog
E:\GitHub\EGamp\AudioLibrary\Debug\link.3112-rc.write.1.tlog
E:\GitHub\EGamp\AudioLibrary\Debug\link.3112.read.1.tlog
E:\GitHub\EGamp\AudioLibrary\Debug\link.3112.write.1.tlog
E:\GitHub\EGamp\AudioLibrary\Debug\link.3152-cvtres.read.1.tlog
E:\GitHub\EGamp\AudioLibrary\Debug\link.3152-cvtres.write.1.tlog
E:\GitHub\EGamp\AudioLibrary\Debug\link.3152-rc.read.1.tlog
E:\GitHub\EGamp\AudioLibrary\Debug\link.3152-rc.write.1.tlog
E:\GitHub\EGamp\AudioLibrary\Debug\link.3152.read.1.tlog
E:\GitHub\EGamp\AudioLibrary\Debug\link.3152.write.1.tlog
E:\GitHub\EGamp\AudioLibrary\Debug\link.3208-cvtres.read.1.tlog
E:\GitHub\EGamp\AudioLibrary\Debug\link.3208-cvtres.write.1.tlog
E:\GitHub\EGamp\AudioLibrary\Debug\link.3208-rc.read.1.tlog
E:\GitHub\EGamp\AudioLibrary\Debug\link.3208-rc.write.1.tlog
E:\GitHub\EGamp\AudioLibrary\Debug\link.3208.read.1.tlog
E:\GitHub\EGamp\AudioLibrary\Debug\link.3208.write.1.tlog
E:\GitHub\EGamp\AudioLibrary\Debug\link.3420-cvtres.read.1.tlog
E:\GitHub\EGamp\AudioLibrary\Debug\link.3420-cvtres.write.1.tlog
E:\GitHub\EGamp\AudioLibrary\Debug\link.3420-rc.read.1.tlog
E:\GitHub\EGamp\AudioLibrary\Debug\link.3420-rc.write.1.tlog
E:\GitHub\EGamp\AudioLibrary\Debug\link.3420.read.1.tlog
E:\GitHub\EGamp\AudioLibrary\Debug\link.3420.write.1.tlog
E:\GitHub\EGamp\AudioLibrary\Debug\link.3532-cvtres.read.1.tlog
E:\GitHub\EGamp\AudioLibrary\Debug\link.3532-cvtres.write.1.tlog
E:\GitHub\EGamp\AudioLibrary\Debug\link.3532-rc.read.1.tlog
E:\GitHub\EGamp\AudioLibrary\Debug\link.3532-rc.write.1.tlog
E:\GitHub\EGamp\AudioLibrary\Debug\link.3532.read.1.tlog
E:\GitHub\EGamp\AudioLibrary\Debug\link.3532.write.1.tlog
E:\GitHub\EGamp\AudioLibrary\Debug\link.3540-cvtres.read.1.tlog
E:\GitHub\EGamp\AudioLibrary\Debug\link.3540-cvtres.write.1.tlog
E:\GitHub\EGamp\AudioLibrary\Debug\link.3540-rc.read.1.tlog
E:\GitHub\EGamp\AudioLibrary\Debug\link.3540-rc.write.1.tlog
E:\GitHub\EGamp\AudioLibrary\Debug\link.3540.read.1.tlog
E:\GitHub\EGamp\AudioLibrary\Debug\link.3540.write.1.tlog
E:\GitHub\EGamp\AudioLibrary\Debug\link.3544-cvtres.read.1.tlog
E:\GitHub\EGamp\AudioLibrary\Debug\link.3544-cvtres.write.1.tlog
E:\GitHub\EGamp\AudioLibrary\Debug\link.3544-rc.read.1.tlog
E:\GitHub\EGamp\AudioLibrary\Debug\link.3544-rc.write.1.tlog
E:\GitHub\EGamp\AudioLibrary\Debug\link.3544.read.1.tlog
E:\GitHub\EGamp\AudioLibrary\Debug\link.3544.write.1.tlog
E:\GitHub\EGamp\AudioLibrary\Debug\link.3548-cvtres.read.1.tlog
E:\GitHub\EGamp\AudioLibrary\Debug\link.3548-cvtres.write.1.tlog
E:\GitHub\EGamp\AudioLibrary\Debug\link.3548-rc.read.1.tlog
E:\GitHub\EGamp\AudioLibrary\Debug\link.3548-rc.write.1.tlog
E:\GitHub\EGamp\AudioLibrary\Debug\link.3548.read.1.tlog
E:\GitHub\EGamp\AudioLibrary\Debug\link.3548.write.1.tlog
E:\GitHub\EGamp\AudioLibrary\Debug\link.3588-cvtres.read.1.tlog
E:\GitHub\EGamp\AudioLibrary\Debug\link.3588-cvtres.write.1.tlog
E:\GitHub\EGamp\AudioLibrary\Debug\link.3588-rc.read.1.tlog
E:\GitHub\EGamp\AudioLibrary\Debug\link.3588-rc.write.1.tlog
E:\GitHub\EGamp\AudioLibrary\Debug\link.3588.read.1.tlog
E:\GitHub\EGamp\AudioLibrary\Debug\link.3588.write.1.tlog
E:\GitHub\EGamp\AudioLibrary\Debug\link.3592-cvtres.read.1.tlog
E:\GitHub\EGamp\AudioLibrary\Debug\link.3592-cvtres.write.1.tlog
E:\GitHub\EGamp\AudioLibrary\Debug\link.3592-rc.read.1.tlog
E:\GitHub\EGamp\AudioLibrary\Debug\link.3592-rc.write.1.tlog
E:\GitHub\EGamp\AudioLibrary\Debug\link.3592.read.1.tlog
E:\GitHub\EGamp\AudioLibrary\Debug\link.3592.write.1.tlog
E:\GitHub\EGamp\AudioLibrary\Debug\link.3648-cvtres.read.1.tlog
E:\GitHub\EGamp\AudioLibrary\Debug\link.3648-cvtres.write.1.tlog
E:\GitHub\EGamp\AudioLibrary\Debug\link.3648-rc.read.1.tlog
E:\GitHub\EGamp\AudioLibrary\Debug\link.3648-rc.write.1.tlog
E:\GitHub\EGamp\AudioLibrary\Debug\link.3648.read.1.tlog
E:\GitHub\EGamp\AudioLibrary\Debug\link.3648.write.1.tlog
E:\GitHub\EGamp\AudioLibrary\Debug\link.3656-cvtres.read.1.tlog
E:\GitHub\EGamp\AudioLibrary\Debug\link.3656-cvtres.write.1.tlog
E:\GitHub\EGamp\AudioLibrary\Debug\link.3656-rc.read.1.tlog
E:\GitHub\EGamp\AudioLibrary\Debug\link.3656-rc.write.1.tlog
E:\GitHub\EGamp\AudioLibrary\Debug\link.3656.read.1.tlog
E:\GitHub\EGamp\AudioLibrary\Debug\link.3656.write.1.tlog
E:\GitHub\EGamp\AudioLibrary\Debug\link.3660-cvtres.read.1.tlog
E:\GitHub\EGamp\AudioLibrary\Debug\link.3660-cvtres.write.1.tlog
E:\GitHub\EGamp\AudioLibrary\Debug\link.3660-rc.read.1.tlog
E:\GitHub\EGamp\AudioLibrary\Debug\link.3660-rc.write.1.tlog
E:\GitHub\EGamp\AudioLibrary\Debug\link.3660.read.1.tlog
E:\GitHub\EGamp\AudioLibrary\Debug\link.3660.write.1.tlog
E:\GitHub\EGamp\AudioLibrary\Debug\link.3684-cvtres.read.1.tlog
E:\GitHub\EGamp\AudioLibrary\Debug\link.3684-cvtres.write.1.tlog
E:\GitHub\EGamp\AudioLibrary\Debug\link.3684-rc.read.1.tlog
E:\GitHub\EGamp\AudioLibrary\Debug\link.3684-rc.write.1.tlog
E:\GitHub\EGamp\AudioLibrary\Debug\link.3684.read.1.tlog
E:\GitHub\EGamp\AudioLibrary\Debug\link.3684.write.1.tlog
E:\GitHub\EGamp\AudioLibrary\Debug\link.3700-cvtres.read.1.tlog
E:\GitHub\EGamp\AudioLibrary\Debug\link.3700-cvtres.write.1.tlog
E:\GitHub\EGamp\AudioLibrary\Debug\link.3700-rc.read.1.tlog
E:\GitHub\EGamp\AudioLibrary\Debug\link.3700-rc.write.1.tlog
E:\GitHub\EGamp\AudioLibrary\Debug\link.3700.read.1.tlog
E:\GitHub\EGamp\AudioLibrary\Debug\link.3700.write.1.tlog
E:\GitHub\EGamp\AudioLibrary\Debug\link.3752-cvtres.read.1.tlog
E:\GitHub\EGamp\AudioLibrary\Debug\link.3752-cvtres.write.1.tlog
E:\GitHub\EGamp\AudioLibrary\Debug\link.3752-rc.read.1.tlog
E:\GitHub\EGamp\AudioLibrary\Debug\link.3752-rc.write.1.tlog
E:\GitHub\EGamp\AudioLibrary\Debug\link.3752.read.1.tlog
E:\GitHub\EGamp\AudioLibrary\Debug\link.3752.write.1.tlog
E:\GitHub\EGamp\AudioLibrary\Debug\link.3792-cvtres.read.1.tlog
E:\GitHub\EGamp\AudioLibrary\Debug\link.3792-cvtres.write.1.tlog
E:\GitHub\EGamp\AudioLibrary\Debug\link.3792-rc.read.1.tlog
E:\GitHub\EGamp\AudioLibrary\Debug\link.3792-rc.write.1.tlog
E:\GitHub\EGamp\AudioLibrary\Debug\link.3792.read.1.tlog
E:\GitHub\EGamp\AudioLibrary\Debug\link.3792.write.1.tlog
E:\GitHub\EGamp\AudioLibrary\Debug\link.3796-cvtres.read.1.tlog
E:\GitHub\EGamp\AudioLibrary\Debug\link.3796-cvtres.write.1.tlog
E:\GitHub\EGamp\AudioLibrary\Debug\link.3796-rc.read.1.tlog
E:\GitHub\EGamp\AudioLibrary\Debug\link.3796-rc.write.1.tlog
E:\GitHub\EGamp\AudioLibrary\Debug\link.3796.read.1.tlog
E:\GitHub\EGamp\AudioLibrary\Debug\link.3796.write.1.tlog
E:\GitHub\EGamp\AudioLibrary\Debug\link.3848-cvtres.read.1.tlog
E:\GitHub\EGamp\AudioLibrary\Debug\link.3848-cvtres.write.1.tlog
E:\GitHub\EGamp\AudioLibrary\Debug\link.3848-rc.read.1.tlog
E:\GitHub\EGamp\AudioLibrary\Debug\link.3848-rc.write.1.tlog
E:\GitHub\EGamp\AudioLibrary\Debug\link.3848.read.1.tlog
E:\GitHub\EGamp\AudioLibrary\Debug\link.3848.write.1.tlog
E:\GitHub\EGamp\AudioLibrary\Debug\link.3932-cvtres.read.1.tlog
E:\GitHub\EGamp\AudioLibrary\Debug\link.3932-cvtres.write.1.tlog
E:\GitHub\EGamp\AudioLibrary\Debug\link.3932-rc.read.1.tlog
E:\GitHub\EGamp\AudioLibrary\Debug\link.3932-rc.write.1.tlog
E:\GitHub\EGamp\AudioLibrary\Debug\link.3932.read.1.tlog
E:\GitHub\EGamp\AudioLibrary\Debug\link.3932.write.1.tlog
E:\GitHub\EGamp\AudioLibrary\Debug\link.3996-cvtres.read.1.tlog
E:\GitHub\EGamp\AudioLibrary\Debug\link.3996-cvtres.write.1.tlog
E:\GitHub\EGamp\AudioLibrary\Debug\link.3996-rc.read.1.tlog
E:\GitHub\EGamp\AudioLibrary\Debug\link.3996-rc.write.1.tlog
E:\GitHub\EGamp\AudioLibrary\Debug\link.3996.read.1.tlog
E:\GitHub\EGamp\AudioLibrary\Debug\link.3996.write.1.tlog
E:\GitHub\EGamp\AudioLibrary\Debug\link.4044-cvtres.read.1.tlog
E:\GitHub\EGamp\AudioLibrary\Debug\link.4044-cvtres.write.1.tlog
E:\GitHub\EGamp\AudioLibrary\Debug\link.4044-rc.read.1.tlog
E:\GitHub\EGamp\AudioLibrary\Debug\link.4044-rc.write.1.tlog
E:\GitHub\EGamp\AudioLibrary\Debug\link.4044.read.1.tlog
E:\GitHub\EGamp\AudioLibrary\Debug\link.4044.write.1.tlog
E:\GitHub\EGamp\AudioLibrary\Debug\link.4068-cvtres.read.1.tlog
E:\GitHub\EGamp\AudioLibrary\Debug\link.4068-cvtres.write.1.tlog
E:\GitHub\EGamp\AudioLibrary\Debug\link.4068-rc.read.1.tlog
E:\GitHub\EGamp\AudioLibrary\Debug\link.4068-rc.write.1.tlog
E:\GitHub\EGamp\AudioLibrary\Debug\link.4068.read.1.tlog
E:\GitHub\EGamp\AudioLibrary\Debug\link.4068.write.1.tlog
E:\GitHub\EGamp\AudioLibrary\Debug\link.4388-cvtres.read.1.tlog
E:\GitHub\EGamp\AudioLibrary\Debug\link.4388-cvtres.write.1.tlog
E:\GitHub\EGamp\AudioLibrary\Debug\link.4388-rc.read.1.tlog
E:\GitHub\EGamp\AudioLibrary\Debug\link.4388-rc.write.1.tlog
E:\GitHub\EGamp\AudioLibrary\Debug\link.4388.read.1.tlog
E:\GitHub\EGamp\AudioLibrary\Debug\link.4388.write.1.tlog
E:\GitHub\EGamp\AudioLibrary\Debug\link.6540-cvtres.read.1.tlog
E:\GitHub\EGamp\AudioLibrary\Debug\link.6540-cvtres.write.1.tlog
E:\GitHub\EGamp\AudioLibrary\Debug\link.6540-rc.read.1.tlog
E:\GitHub\EGamp\AudioLibrary\Debug\link.6540-rc.write.1.tlog
E:\GitHub\EGamp\AudioLibrary\Debug\link.6540.read.1.tlog
E:\GitHub\EGamp\AudioLibrary\Debug\link.6540.write.1.tlog
E:\GitHub\EGamp\AudioLibrary\Debug\link.6780-cvtres.read.1.tlog
E:\GitHub\EGamp\AudioLibrary\Debug\link.6780-cvtres.write.1.tlog
E:\GitHub\EGamp\AudioLibrary\Debug\link.6780-rc.read.1.tlog
E:\GitHub\EGamp\AudioLibrary\Debug\link.6780-rc.write.1.tlog
E:\GitHub\EGamp\AudioLibrary\Debug\link.6780.read.1.tlog
E:\GitHub\EGamp\AudioLibrary\Debug\link.6780.write.1.tlog
E:\GitHub\EGamp\AudioLibrary\Debug\link.6860-cvtres.read.1.tlog
E:\GitHub\EGamp\AudioLibrary\Debug\link.6860-cvtres.write.1.tlog
E:\GitHub\EGamp\AudioLibrary\Debug\link.6860-rc.read.1.tlog
E:\GitHub\EGamp\AudioLibrary\Debug\link.6860-rc.write.1.tlog
E:\GitHub\EGamp\AudioLibrary\Debug\link.6860.read.1.tlog
E:\GitHub\EGamp\AudioLibrary\Debug\link.6860.write.1.tlog
E:\GitHub\EGamp\AudioLibrary\Debug\link.6980-cvtres.read.1.tlog
E:\GitHub\EGamp\AudioLibrary\Debug\link.6980-cvtres.write.1.tlog
E:\GitHub\EGamp\AudioLibrary\Debug\link.6980-rc.read.1.tlog
E:\GitHub\EGamp\AudioLibrary\Debug\link.6980-rc.write.1.tlog
E:\GitHub\EGamp\AudioLibrary\Debug\link.6980.read.1.tlog
E:\GitHub\EGamp\AudioLibrary\Debug\link.6980.write.1.tlog
E:\GitHub\EGamp\AudioLibrary\Debug\link.command.1.tlog
E:\GitHub\EGamp\AudioLibrary\Debug\link.read.1.tlog
E:\GitHub\EGamp\AudioLibrary\Debug\link.write.1.tlog
E:\GitHub\EGamp\AudioLibrary\Debug\metagen.read.1.tlog
E:\GitHub\EGamp\AudioLibrary\Debug\metagen.write.1.tlog
E:\GitHub\EGamp\AudioLibrary\Debug\rc.command.1.tlog
E:\GitHub\EGamp\AudioLibrary\Debug\rc.read.1.tlog
E:\GitHub\EGamp\AudioLibrary\Debug\rc.write.1.tlog
E:\GitHub\EGamp\AudioLibrary\Debug\app.res
E:\GitHub\EGamp\AudioLibrary\Debug\AudioLibrary.pch
E:\GitHub\EGamp\AudioLibrary\Debug\vc110.pdb
E:\GitHub\EGamp\AudioLibrary\Debug\RSAENH.DLL.bi
E:\GitHub\EGamp\AudioLibrary\Debug\TZRES.DLL.bi
E:\GitHub\EGamp\Debug\AudioLibrary.pdb
E:\GitHub\EGamp\Debug\AudioLibrary.dll
E:\GitHub\EGamp\Debug\AudioLibrary.ilk
